mode: set
github.com/paulhenri-l/gouploader/gcs.go:18.43,20.2 1 1
github.com/paulhenri-l/gouploader/gcs.go:22.58,26.16 3 1
github.com/paulhenri-l/gouploader/gcs.go:31.2,35.16 4 1
github.com/paulhenri-l/gouploader/gcs.go:40.2,43.16 4 1
github.com/paulhenri-l/gouploader/gcs.go:48.2,48.11 1 1
github.com/paulhenri-l/gouploader/gcs.go:26.16,29.3 2 1
github.com/paulhenri-l/gouploader/gcs.go:35.16,38.3 2 0
github.com/paulhenri-l/gouploader/gcs.go:43.16,46.3 2 1
github.com/paulhenri-l/gouploader/gcs.go:51.58,55.41 3 1
github.com/paulhenri-l/gouploader/gcs.go:59.2,59.34 1 1
github.com/paulhenri-l/gouploader/gcs.go:63.2,63.12 1 1
github.com/paulhenri-l/gouploader/gcs.go:55.41,57.3 1 0
github.com/paulhenri-l/gouploader/gcs.go:59.34,61.3 1 1
github.com/paulhenri-l/gouploader/s3.go:19.70,24.2 1 1
github.com/paulhenri-l/gouploader/s3.go:26.57,30.16 3 1
github.com/paulhenri-l/gouploader/s3.go:35.2,40.16 4 1
github.com/paulhenri-l/gouploader/s3.go:45.2,53.16 4 1
github.com/paulhenri-l/gouploader/s3.go:58.2,58.11 1 1
github.com/paulhenri-l/gouploader/s3.go:30.16,33.3 2 1
github.com/paulhenri-l/gouploader/s3.go:40.16,43.3 2 0
github.com/paulhenri-l/gouploader/s3.go:53.16,56.3 2 1
